d:\projects\lab3\lab3\debug\vc140.pdb
d:\projects\lab3\lab3\debug\vc140.idb
d:\projects\lab3\lab3\debug\commandline.obj
d:\projects\lab3\lab3\debug\main.obj
d:\projects\lab3\lab3\debug\mpiexectask.obj
d:\projects\lab3\debug\lab3.exe
d:\projects\lab3\debug\lab3.pdb
d:\parprog\lab3\lab3\debug\commandline.obj
d:\parprog\lab3\lab3\debug\main.obj
d:\parprog\lab3\lab3\debug\mpiexectask.obj
d:\parprog\lab3\lab3\debug\vc140.idb
d:\parprog\lab3\lab3\debug\vc140.pdb
d:\parprog\lab3\debug\lab3.pdb
d:\parprog\lab3\debug\lab3.exe
d:\parprog\lab3\lab3\debug\lab3.tlog\cl.command.1.tlog
d:\parprog\lab3\lab3\debug\lab3.tlog\cl.read.1.tlog
d:\parprog\lab3\lab3\debug\lab3.tlog\cl.write.1.tlog
d:\parprog\lab3\lab3\debug\lab3.tlog\link.command.1.tlog
d:\parprog\lab3\lab3\debug\lab3.tlog\link.read.1.tlog
d:\parprog\lab3\lab3\debug\lab3.tlog\link.write.1.tlog
